2025-07-02 17:53:15,748 - web.app - INFO - Incoming request: GET / - args: {} - json: None
2025-07-02 17:53:22,011 - web.app - ERROR - Error rendering dashboard: dictionary update sequence element #0 has length 4; 2 is required
2025-07-02 17:53:22,011 - web.app - INFO - Outgoing response: GET / - status: 500
2025-07-02 17:53:22,051 - web.app - INFO - Incoming request: GET /favicon.ico - args: {} - json: None
2025-07-02 17:53:22,052 - web.app - INFO - Outgoing response: GET /favicon.ico - status: 404
2025-07-02 18:30:27,076 - web.app - INFO - Incoming request: GET / - args: {} - json: None
2025-07-02 18:30:28,387 - web.app - ERROR - Error rendering dashboard: dictionary update sequence element #0 has length 4; 2 is required
2025-07-02 18:30:28,388 - web.app - INFO - Outgoing response: GET / - status: 500
2025-07-02 18:30:30,581 - web.app - INFO - Incoming request: GET / - args: {} - json: None
2025-07-02 18:30:39,513 - web.app - ERROR - Error rendering dashboard: dictionary update sequence element #0 has length 4; 2 is required
2025-07-02 18:30:39,515 - web.app - INFO - Outgoing response: GET / - status: 500
2025-07-02 19:01:53,723 - web.app - INFO - Incoming request: GET / - args: {} - json: None
2025-07-02 19:01:59,139 - web.app - ERROR - Error rendering dashboard: index.html
2025-07-02 19:01:59,139 - web.app - INFO - Outgoing response: GET / - status: 500
2025-07-02 19:02:00,746 - web.app - INFO - Incoming request: GET /dashboard - args: {} - json: None
2025-07-02 19:02:06,189 - web.app - INFO - Outgoing response: GET /dashboard - status: 200
2025-07-02 19:02:07,799 - web.app - INFO - Incoming request: GET /api/scraper/status - args: {} - json: None
2025-07-02 19:02:08,672 - web.app - INFO - Outgoing response: GET /api/scraper/status - status: 200
2025-07-02 19:02:12,802 - web.app - INFO - Incoming request: GET /api/scraper/status - args: {} - json: None
2025-07-02 19:02:13,617 - web.app - INFO - Outgoing response: GET /api/scraper/status - status: 200
2025-07-02 19:02:17,803 - web.app - INFO - Incoming request: GET /api/scraper/status - args: {} - json: None
2025-07-02 19:02:24,018 - web.app - INFO - Outgoing response: GET /api/scraper/status - status: 200
2025-07-02 19:02:24,022 - web.app - INFO - Incoming request: GET /api/scraper/status - args: {} - json: None
2025-07-02 19:02:24,841 - web.app - INFO - Outgoing response: GET /api/scraper/status - status: 200
2025-07-02 19:04:22,852 - web.app - INFO - Incoming request: GET /api/scraper/status - args: {} - json: None
2025-07-02 19:04:23,115 - web.app - INFO - Incoming request: GET /dashboard - args: {} - json: None
2025-07-02 19:04:28,773 - web.app - INFO - Outgoing response: GET /api/scraper/status - status: 200
2025-07-02 19:04:28,777 - web.app - INFO - Incoming request: GET /api/scraper/status - args: {} - json: None
2025-07-02 19:04:29,002 - web.app - INFO - Outgoing response: GET /dashboard - status: 200
2025-07-02 19:04:29,058 - web.app - INFO - Incoming request: GET /api/scraper/status - args: {} - json: None
2025-07-02 19:04:29,594 - web.app - INFO - Outgoing response: GET /api/scraper/status - status: 200
2025-07-02 19:04:29,864 - web.app - INFO - Outgoing response: GET /api/scraper/status - status: 200
2025-07-02 19:04:34,464 - web.app - INFO - Incoming request: GET /api/scraper/status - args: {} - json: None
2025-07-02 19:04:40,723 - web.app - INFO - Incoming request: POST /api/scraper/immediate - args: {} - json: {'spiders': ['eaeu']}
2025-07-02 19:04:41,264 - web.app - INFO - Outgoing response: GET /api/scraper/status - status: 200
2025-07-02 19:04:41,269 - web.app - INFO - Incoming request: GET /api/scraper/status - args: {} - json: None
2025-07-02 19:04:41,537 - web.app - INFO - Outgoing response: POST /api/scraper/immediate - status: 200
2025-07-02 19:04:42,105 - web.app - INFO - Outgoing response: GET /api/scraper/status - status: 200
2025-07-02 19:04:42,108 - web.app - INFO - Incoming request: GET /api/scraper/status - args: {} - json: None
2025-07-02 19:04:42,996 - web.app - INFO - Outgoing response: GET /api/scraper/status - status: 200
2025-07-02 19:04:43,545 - web.app - INFO - Incoming request: GET /api/scraper/status - args: {} - json: None
2025-07-02 19:04:44,390 - web.app - INFO - Outgoing response: GET /api/scraper/status - status: 200
2025-07-02 19:04:44,396 - web.app - INFO - Incoming request: GET /api/scraper/status - args: {} - json: None
2025-07-02 19:04:45,263 - web.app - INFO - Outgoing response: GET /api/scraper/status - status: 200
2025-07-02 19:04:45,266 - web.app - INFO - Incoming request: GET /api/scraper/status - args: {} - json: None
2025-07-02 19:04:46,082 - web.app - INFO - Outgoing response: GET /api/scraper/status - status: 200
2025-07-02 19:04:49,029 - web.app - INFO - Incoming request: GET /api/scraper/status - args: {} - json: None
2025-07-02 19:04:49,858 - web.app - INFO - Outgoing response: GET /api/scraper/status - status: 200
2025-07-02 19:04:54,031 - web.app - INFO - Incoming request: GET /api/scraper/status - args: {} - json: None
2025-07-02 19:04:54,859 - web.app - INFO - Outgoing response: GET /api/scraper/status - status: 200
2025-07-02 19:04:59,029 - web.app - INFO - Incoming request: GET /api/scraper/status - args: {} - json: None
2025-07-02 19:05:00,246 - web.app - INFO - Outgoing response: GET /api/scraper/status - status: 200
2025-07-02 19:05:04,028 - web.app - INFO - Incoming request: GET /api/scraper/status - args: {} - json: None
2025-07-02 19:05:04,986 - web.app - INFO - Outgoing response: GET /api/scraper/status - status: 200
2025-07-02 19:05:09,028 - web.app - INFO - Incoming request: GET /api/scraper/status - args: {} - json: None
2025-07-02 19:05:10,003 - web.app - INFO - Outgoing response: GET /api/scraper/status - status: 200
2025-07-02 19:05:14,028 - web.app - INFO - Incoming request: GET /api/scraper/status - args: {} - json: None
2025-07-02 19:05:15,408 - web.app - INFO - Outgoing response: GET /api/scraper/status - status: 200
2025-07-02 19:05:19,028 - web.app - INFO - Incoming request: GET /api/scraper/status - args: {} - json: None
2025-07-02 19:05:19,868 - web.app - INFO - Outgoing response: GET /api/scraper/status - status: 200
2025-07-02 19:05:24,029 - web.app - INFO - Incoming request: GET /api/scraper/status - args: {} - json: None
2025-07-02 19:05:24,860 - web.app - INFO - Outgoing response: GET /api/scraper/status - status: 200
2025-07-02 19:05:29,029 - web.app - INFO - Incoming request: GET /api/scraper/status - args: {} - json: None
2025-07-02 19:05:29,850 - web.app - INFO - Outgoing response: GET /api/scraper/status - status: 200
2025-07-02 19:05:34,031 - web.app - INFO - Incoming request: GET /api/scraper/status - args: {} - json: None
2025-07-02 19:05:34,925 - web.app - INFO - Outgoing response: GET /api/scraper/status - status: 200
2025-07-02 19:05:39,029 - web.app - INFO - Incoming request: GET /api/scraper/status - args: {} - json: None
2025-07-02 19:05:40,256 - web.app - INFO - Outgoing response: GET /api/scraper/status - status: 200
2025-07-02 19:05:44,029 - web.app - INFO - Incoming request: GET /api/scraper/status - args: {} - json: None
2025-07-02 19:05:44,847 - web.app - INFO - Outgoing response: GET /api/scraper/status - status: 200
2025-07-02 19:05:49,028 - web.app - INFO - Incoming request: GET /api/scraper/status - args: {} - json: None
2025-07-02 19:05:50,298 - web.app - INFO - Outgoing response: GET /api/scraper/status - status: 200
2025-07-02 19:05:54,028 - web.app - INFO - Incoming request: GET /api/scraper/status - args: {} - json: None
2025-07-02 19:05:54,858 - web.app - INFO - Outgoing response: GET /api/scraper/status - status: 200
2025-07-02 19:05:59,029 - web.app - INFO - Incoming request: GET /api/scraper/status - args: {} - json: None
2025-07-02 19:05:59,838 - web.app - INFO - Outgoing response: GET /api/scraper/status - status: 200
2025-07-02 19:06:04,028 - web.app - INFO - Incoming request: GET /api/scraper/status - args: {} - json: None
2025-07-02 19:06:04,926 - web.app - INFO - Outgoing response: GET /api/scraper/status - status: 200
2025-07-02 19:06:09,028 - web.app - INFO - Incoming request: GET /api/scraper/status - args: {} - json: None
2025-07-02 19:06:09,894 - web.app - INFO - Outgoing response: GET /api/scraper/status - status: 200
2025-07-02 19:06:14,028 - web.app - INFO - Incoming request: GET /api/scraper/status - args: {} - json: None
2025-07-02 19:06:15,275 - web.app - INFO - Outgoing response: GET /api/scraper/status - status: 200
2025-07-02 19:06:19,029 - web.app - INFO - Incoming request: GET /api/scraper/status - args: {} - json: None
2025-07-02 19:06:19,844 - web.app - INFO - Outgoing response: GET /api/scraper/status - status: 200
2025-07-02 19:06:24,032 - web.app - INFO - Incoming request: GET /api/scraper/status - args: {} - json: None
2025-07-02 19:06:24,850 - web.app - INFO - Outgoing response: GET /api/scraper/status - status: 200
2025-07-02 19:06:28,668 - web.app - INFO - Incoming request: POST /api/scraper/immediate - args: {} - json: {'spiders': ['forbes']}
2025-07-02 19:06:29,028 - web.app - INFO - Incoming request: GET /api/scraper/status - args: {} - json: None
2025-07-02 19:06:29,588 - web.app - INFO - Outgoing response: POST /api/scraper/immediate - status: 200
2025-07-02 19:06:30,322 - web.app - INFO - Outgoing response: GET /api/scraper/status - status: 200
2025-07-02 19:06:30,324 - web.app - INFO - Incoming request: GET /api/scraper/status - args: {} - json: None
2025-07-02 19:06:31,314 - web.app - INFO - Outgoing response: GET /api/scraper/status - status: 200
2025-07-02 19:06:31,593 - web.app - INFO - Incoming request: GET /api/scraper/status - args: {} - json: None
2025-07-02 19:06:32,613 - web.app - INFO - Outgoing response: GET /api/scraper/status - status: 200
2025-07-02 19:06:32,620 - web.app - INFO - Incoming request: GET /api/scraper/status - args: {} - json: None
2025-07-02 19:06:39,361 - web.app - INFO - Outgoing response: GET /api/scraper/status - status: 200
2025-07-02 19:06:39,364 - web.app - INFO - Incoming request: GET /api/scraper/status - args: {} - json: None
2025-07-02 19:06:40,397 - web.app - INFO - Outgoing response: GET /api/scraper/status - status: 200
2025-07-02 19:06:40,400 - web.app - INFO - Incoming request: GET /api/scraper/status - args: {} - json: None
2025-07-02 19:06:41,416 - web.app - INFO - Outgoing response: GET /api/scraper/status - status: 200
2025-07-02 19:06:44,028 - web.app - INFO - Incoming request: GET /api/scraper/status - args: {} - json: None
2025-07-02 19:06:45,036 - web.app - INFO - Outgoing response: GET /api/scraper/status - status: 200
2025-07-02 19:06:49,029 - web.app - INFO - Incoming request: GET /api/scraper/status - args: {} - json: None
2025-07-02 19:06:50,001 - web.app - INFO - Outgoing response: GET /api/scraper/status - status: 200
2025-07-02 19:06:54,029 - web.app - INFO - Incoming request: GET /api/scraper/status - args: {} - json: None
2025-07-02 19:06:55,044 - web.app - INFO - Outgoing response: GET /api/scraper/status - status: 200
2025-07-02 19:06:59,029 - web.app - INFO - Incoming request: GET /api/scraper/status - args: {} - json: None
2025-07-02 19:07:00,497 - web.app - INFO - Outgoing response: GET /api/scraper/status - status: 200
2025-07-02 19:07:04,029 - web.app - INFO - Incoming request: GET /api/scraper/status - args: {} - json: None
2025-07-02 19:07:05,064 - web.app - INFO - Outgoing response: GET /api/scraper/status - status: 200
2025-07-02 19:07:09,029 - web.app - INFO - Incoming request: GET /api/scraper/status - args: {} - json: None
2025-07-02 19:07:09,987 - web.app - INFO - Outgoing response: GET /api/scraper/status - status: 200
2025-07-02 19:07:14,027 - web.app - INFO - Incoming request: GET /api/scraper/status - args: {} - json: None
2025-07-02 19:07:15,056 - web.app - INFO - Outgoing response: GET /api/scraper/status - status: 200
2025-07-02 19:07:19,029 - web.app - INFO - Incoming request: GET /api/scraper/status - args: {} - json: None
2025-07-02 19:07:20,021 - web.app - INFO - Outgoing response: GET /api/scraper/status - status: 200
2025-07-02 19:07:24,030 - web.app - INFO - Incoming request: GET /api/scraper/status - args: {} - json: None
2025-07-02 19:07:25,042 - web.app - INFO - Outgoing response: GET /api/scraper/status - status: 200
2025-07-02 19:07:29,028 - web.app - INFO - Incoming request: GET /api/scraper/status - args: {} - json: None
2025-07-02 19:07:30,916 - web.app - INFO - Outgoing response: GET /api/scraper/status - status: 200
2025-07-02 19:07:34,028 - web.app - INFO - Incoming request: GET /api/scraper/status - args: {} - json: None
2025-07-02 19:07:35,624 - web.app - INFO - Outgoing response: GET /api/scraper/status - status: 200
2025-07-02 19:07:39,028 - web.app - INFO - Incoming request: GET /api/scraper/status - args: {} - json: None
2025-07-02 19:07:41,500 - web.app - INFO - Outgoing response: GET /api/scraper/status - status: 200
2025-07-02 19:07:44,031 - web.app - INFO - Incoming request: GET /api/scraper/status - args: {} - json: None
2025-07-02 19:07:44,032 - web.app - INFO - Incoming request: GET /dashboard - args: {} - json: None
2025-07-02 19:07:45,016 - web.app - INFO - Outgoing response: GET /dashboard - status: 200
2025-07-02 19:07:45,044 - web.app - INFO - Incoming request: GET /api/scraper/status - args: {} - json: None
2025-07-02 19:07:45,486 - web.app - INFO - Outgoing response: GET /api/scraper/status - status: 200
2025-07-02 19:07:46,066 - web.app - INFO - Outgoing response: GET /api/scraper/status - status: 200
2025-07-02 19:07:50,033 - web.app - INFO - Incoming request: GET /api/scraper/status - args: {} - json: None
2025-07-02 19:07:50,994 - web.app - INFO - Outgoing response: GET /api/scraper/status - status: 200
2025-07-02 19:07:55,035 - web.app - INFO - Incoming request: GET /api/scraper/status - args: {} - json: None
2025-07-02 19:07:56,518 - web.app - INFO - Outgoing response: GET /api/scraper/status - status: 200
2025-07-02 19:08:00,035 - web.app - INFO - Incoming request: GET /api/scraper/status - args: {} - json: None
2025-07-02 19:08:01,046 - web.app - INFO - Outgoing response: GET /api/scraper/status - status: 200
2025-07-02 19:08:05,036 - web.app - INFO - Incoming request: GET /api/scraper/status - args: {} - json: None
2025-07-02 19:08:06,060 - web.app - INFO - Outgoing response: GET /api/scraper/status - status: 200
2025-07-02 19:13:23,840 - web.app - INFO - Incoming request: GET /dashboard - args: {} - json: None
2025-07-02 19:13:32,818 - web.app - INFO - Outgoing response: GET /dashboard - status: 200
2025-07-02 19:13:32,864 - web.app - INFO - Incoming request: GET /api/scraper/status - args: {} - json: None
2025-07-02 19:13:44,191 - web.app - INFO - Incoming request: GET /.well-known/appspecific/com.chrome.devtools.json - args: {} - json: None
2025-07-02 19:13:44,192 - web.app - INFO - Outgoing response: GET /.well-known/appspecific/com.chrome.devtools.json - status: 404
2025-07-02 19:13:44,254 - web.app - INFO - Outgoing response: GET /api/scraper/status - status: 200
2025-07-02 19:13:44,257 - web.app - INFO - Incoming request: GET /api/scraper/status - args: {} - json: None
2025-07-02 19:13:45,294 - web.app - INFO - Outgoing response: GET /api/scraper/status - status: 200
2025-07-02 19:13:45,298 - web.app - INFO - Incoming request: GET /api/scraper/status - args: {} - json: None
2025-07-02 19:13:46,769 - web.app - INFO - Outgoing response: GET /api/scraper/status - status: 200
2025-07-02 19:13:47,868 - web.app - INFO - Incoming request: GET /api/scraper/status - args: {} - json: None
2025-07-02 19:13:48,103 - web.app - INFO - Incoming request: GET /dashboard - args: {} - json: None
2025-07-02 19:13:56,432 - web.app - INFO - Outgoing response: GET /dashboard - status: 200
2025-07-02 19:13:56,442 - web.app - INFO - Incoming request: GET /api/scraper/status - args: {} - json: None
2025-07-02 19:13:56,472 - web.app - INFO - Incoming request: GET /api/scraper/status - args: {} - json: None
2025-07-02 19:13:56,472 - web.app - INFO - Incoming request: GET /.well-known/appspecific/com.chrome.devtools.json - args: {} - json: None
2025-07-02 19:13:56,472 - web.app - INFO - Outgoing response: GET /.well-known/appspecific/com.chrome.devtools.json - status: 404
2025-07-02 19:13:57,244 - web.app - INFO - Outgoing response: GET /api/scraper/status - status: 200
2025-07-02 19:13:57,911 - web.app - INFO - Outgoing response: GET /api/scraper/status - status: 200
2025-07-02 19:13:57,921 - web.app - INFO - Outgoing response: GET /api/scraper/status - status: 200
2025-07-02 19:14:01,468 - web.app - INFO - Incoming request: GET /api/scraper/status - args: {} - json: None
2025-07-02 19:14:02,511 - web.app - INFO - Outgoing response: GET /api/scraper/status - status: 200
2025-07-02 19:14:06,465 - web.app - INFO - Incoming request: GET /api/scraper/status - args: {} - json: None
2025-07-02 19:14:07,480 - web.app - INFO - Outgoing response: GET /api/scraper/status - status: 200
2025-07-02 19:14:11,467 - web.app - INFO - Incoming request: GET /api/scraper/status - args: {} - json: None
2025-07-02 19:14:13,353 - web.app - INFO - Outgoing response: GET /api/scraper/status - status: 200
2025-07-02 19:14:16,468 - web.app - INFO - Incoming request: GET /api/scraper/status - args: {} - json: None
2025-07-02 19:14:17,460 - web.app - INFO - Outgoing response: GET /api/scraper/status - status: 200
2025-07-02 19:14:21,467 - web.app - INFO - Incoming request: GET /api/scraper/status - args: {} - json: None
2025-07-02 19:14:22,490 - web.app - INFO - Outgoing response: GET /api/scraper/status - status: 200
2025-07-02 19:14:26,466 - web.app - INFO - Incoming request: GET /api/scraper/status - args: {} - json: None
2025-07-02 19:14:27,476 - web.app - INFO - Outgoing response: GET /api/scraper/status - status: 200
2025-07-02 19:14:31,465 - web.app - INFO - Incoming request: GET /api/scraper/status - args: {} - json: None
2025-07-02 19:14:32,397 - web.app - INFO - Outgoing response: GET /api/scraper/status - status: 200
2025-07-02 19:14:36,465 - web.app - INFO - Incoming request: GET /api/scraper/status - args: {} - json: None
2025-07-02 19:14:37,483 - web.app - INFO - Outgoing response: GET /api/scraper/status - status: 200
2025-07-02 19:14:41,465 - web.app - INFO - Incoming request: GET /api/scraper/status - args: {} - json: None
2025-07-02 19:14:42,394 - web.app - INFO - Outgoing response: GET /api/scraper/status - status: 200
2025-07-02 19:14:46,464 - web.app - INFO - Incoming request: GET /api/scraper/status - args: {} - json: None
2025-07-02 19:14:47,470 - web.app - INFO - Outgoing response: GET /api/scraper/status - status: 200
2025-07-02 19:14:51,466 - web.app - INFO - Incoming request: GET /api/scraper/status - args: {} - json: None
2025-07-02 19:14:52,457 - web.app - INFO - Outgoing response: GET /api/scraper/status - status: 200
2025-07-02 19:14:56,465 - web.app - INFO - Incoming request: GET /api/scraper/status - args: {} - json: None
2025-07-02 19:14:57,473 - web.app - INFO - Outgoing response: GET /api/scraper/status - status: 200
2025-07-02 19:15:01,467 - web.app - INFO - Incoming request: GET /api/scraper/status - args: {} - json: None
2025-07-02 19:15:02,461 - web.app - INFO - Outgoing response: GET /api/scraper/status - status: 200
2025-07-02 19:15:06,464 - web.app - INFO - Incoming request: GET /api/scraper/status - args: {} - json: None
2025-07-02 19:15:07,491 - web.app - INFO - Outgoing response: GET /api/scraper/status - status: 200
2025-07-02 19:15:07,760 - web.app - INFO - Incoming request: GET /api/scraper/status - args: {} - json: None
2025-07-02 19:15:07,775 - web.app - INFO - Incoming request: GET /favicon.ico - args: {} - json: None
2025-07-02 19:15:07,775 - web.app - INFO - Outgoing response: GET /favicon.ico - status: 404
2025-07-02 19:15:08,772 - web.app - INFO - Outgoing response: GET /api/scraper/status - status: 200
2025-07-02 19:15:11,465 - web.app - INFO - Incoming request: GET /api/scraper/status - args: {} - json: None
2025-07-02 19:15:12,511 - web.app - INFO - Outgoing response: GET /api/scraper/status - status: 200
2025-07-02 19:15:13,462 - web.app - INFO - Incoming request: GET /api/scraper/status - args: {} - json: None
2025-07-02 19:15:14,468 - web.app - INFO - Outgoing response: GET /api/scraper/status - status: 200
2025-07-02 19:15:16,464 - web.app - INFO - Incoming request: GET /api/scraper/status - args: {} - json: None
2025-07-02 19:15:17,919 - web.app - INFO - Outgoing response: GET /api/scraper/status - status: 200
2025-07-02 19:15:18,462 - web.app - INFO - Incoming request: GET /api/scraper/status - args: {} - json: None
2025-07-02 19:15:19,504 - web.app - INFO - Outgoing response: GET /api/scraper/status - status: 200
2025-07-02 19:15:21,465 - web.app - INFO - Incoming request: GET /api/scraper/status - args: {} - json: None
2025-07-02 19:15:22,512 - web.app - INFO - Outgoing response: GET /api/scraper/status - status: 200
2025-07-02 19:15:23,463 - web.app - INFO - Incoming request: GET /api/scraper/status - args: {} - json: None
2025-07-02 19:15:24,471 - web.app - INFO - Outgoing response: GET /api/scraper/status - status: 200
2025-07-02 19:15:26,464 - web.app - INFO - Incoming request: GET /api/scraper/status - args: {} - json: None
2025-07-02 19:15:27,495 - web.app - INFO - Outgoing response: GET /api/scraper/status - status: 200
2025-07-02 19:15:28,461 - web.app - INFO - Incoming request: GET /api/scraper/status - args: {} - json: None
2025-07-02 19:15:29,488 - web.app - INFO - Outgoing response: GET /api/scraper/status - status: 200
2025-07-02 19:15:31,466 - web.app - INFO - Incoming request: GET /api/scraper/status - args: {} - json: None
2025-07-02 19:15:32,508 - web.app - INFO - Outgoing response: GET /api/scraper/status - status: 200
2025-07-02 19:15:33,462 - web.app - INFO - Incoming request: GET /api/scraper/status - args: {} - json: None
2025-07-02 19:15:35,328 - web.app - INFO - Outgoing response: GET /api/scraper/status - status: 200
2025-07-02 19:15:36,465 - web.app - INFO - Incoming request: GET /api/scraper/status - args: {} - json: None
2025-07-02 19:15:37,511 - web.app - INFO - Outgoing response: GET /api/scraper/status - status: 200
2025-07-02 19:15:38,463 - web.app - INFO - Incoming request: GET /api/scraper/status - args: {} - json: None
2025-07-02 19:15:39,543 - web.app - INFO - Outgoing response: GET /api/scraper/status - status: 200
2025-07-02 19:15:42,461 - web.app - INFO - Incoming request: GET /api/scraper/status - args: {} - json: None
2025-07-02 19:15:43,453 - web.app - INFO - Outgoing response: GET /api/scraper/status - status: 200
2025-07-02 19:15:43,466 - web.app - INFO - Incoming request: GET /api/scraper/status - args: {} - json: None
2025-07-02 19:15:44,492 - web.app - INFO - Outgoing response: GET /api/scraper/status - status: 200
2025-07-02 19:15:47,461 - web.app - INFO - Incoming request: GET /api/scraper/status - args: {} - json: None
2025-07-02 19:15:48,465 - web.app - INFO - Incoming request: GET /api/scraper/status - args: {} - json: None
2025-07-02 19:15:48,487 - web.app - INFO - Outgoing response: GET /api/scraper/status - status: 200
2025-07-02 19:15:49,497 - web.app - INFO - Outgoing response: GET /api/scraper/status - status: 200
2025-07-02 19:15:52,460 - web.app - INFO - Incoming request: GET /api/scraper/status - args: {} - json: None
2025-07-02 19:15:53,462 - web.app - INFO - Incoming request: GET /api/scraper/status - args: {} - json: None
2025-07-02 19:15:53,920 - web.app - INFO - Outgoing response: GET /api/scraper/status - status: 200
2025-07-02 19:15:54,486 - web.app - INFO - Outgoing response: GET /api/scraper/status - status: 200
2025-07-02 19:15:57,465 - web.app - INFO - Incoming request: GET /api/scraper/status - args: {} - json: None
2025-07-02 19:15:58,461 - web.app - INFO - Incoming request: GET /api/scraper/status - args: {} - json: None
2025-07-02 19:15:58,957 - web.app - INFO - Outgoing response: GET /api/scraper/status - status: 200
2025-07-02 19:15:59,460 - web.app - INFO - Outgoing response: GET /api/scraper/status - status: 200
2025-07-02 19:16:02,463 - web.app - INFO - Incoming request: GET /api/scraper/status - args: {} - json: None
2025-07-02 19:16:03,463 - web.app - INFO - Incoming request: GET /api/scraper/status - args: {} - json: None
2025-07-02 19:16:03,495 - web.app - INFO - Outgoing response: GET /api/scraper/status - status: 200
2025-07-02 19:16:04,508 - web.app - INFO - Outgoing response: GET /api/scraper/status - status: 200
2025-07-02 19:16:07,461 - web.app - INFO - Incoming request: GET /api/scraper/status - args: {} - json: None
2025-07-02 19:16:09,084 - web.app - INFO - Outgoing response: GET /api/scraper/status - status: 200
2025-07-02 19:16:09,669 - web.app - INFO - Incoming request: GET /api/scraper/status - args: {} - json: None
2025-07-02 19:16:10,680 - web.app - INFO - Outgoing response: GET /api/scraper/status - status: 200
2025-07-02 19:16:12,460 - web.app - INFO - Incoming request: GET /api/scraper/status - args: {} - json: None
2025-07-02 19:16:12,762 - web.app - INFO - Incoming request: GET /api/scraper/status - args: {} - json: None
2025-07-02 19:16:13,474 - web.app - INFO - Outgoing response: GET /api/scraper/status - status: 200
2025-07-02 19:16:14,248 - web.app - INFO - Outgoing response: GET /api/scraper/status - status: 200
2025-07-02 19:16:17,461 - web.app - INFO - Incoming request: GET /api/scraper/status - args: {} - json: None
2025-07-02 19:16:18,491 - web.app - INFO - Outgoing response: GET /api/scraper/status - status: 200
2025-07-02 19:16:22,461 - web.app - INFO - Incoming request: GET /api/scraper/status - args: {} - json: None
2025-07-02 19:16:23,478 - web.app - INFO - Outgoing response: GET /api/scraper/status - status: 200
2025-07-02 19:16:27,460 - web.app - INFO - Incoming request: GET /api/scraper/status - args: {} - json: None
2025-07-02 19:16:28,501 - web.app - INFO - Outgoing response: GET /api/scraper/status - status: 200
2025-07-02 19:16:32,461 - web.app - INFO - Incoming request: GET /api/scraper/status - args: {} - json: None
2025-07-02 19:16:33,917 - web.app - INFO - Outgoing response: GET /api/scraper/status - status: 200
2025-07-02 19:16:37,463 - web.app - INFO - Incoming request: GET /api/scraper/status - args: {} - json: None
2025-07-02 19:16:38,487 - web.app - INFO - Outgoing response: GET /api/scraper/status - status: 200
2025-07-02 19:17:37,468 - web.app - INFO - Incoming request: GET /api/scraper/status - args: {} - json: None
2025-07-02 19:17:38,462 - web.app - INFO - Outgoing response: GET /api/scraper/status - status: 200
2025-07-02 19:18:37,461 - web.app - INFO - Incoming request: GET /api/scraper/status - args: {} - json: None
2025-07-02 19:18:38,365 - web.app - INFO - Outgoing response: GET /api/scraper/status - status: 200
2025-07-02 19:19:37,461 - web.app - INFO - Incoming request: GET /api/scraper/status - args: {} - json: None
2025-07-02 19:19:39,929 - web.app - INFO - Outgoing response: GET /api/scraper/status - status: 200
2025-07-02 19:20:37,461 - web.app - INFO - Incoming request: GET /api/scraper/status - args: {} - json: None
2025-07-02 19:20:38,476 - web.app - INFO - Outgoing response: GET /api/scraper/status - status: 200
2025-07-02 19:20:41,464 - web.app - INFO - Incoming request: GET /api/scraper/status - args: {} - json: None
2025-07-02 19:20:42,471 - web.app - INFO - Outgoing response: GET /api/scraper/status - status: 200
